[2024-11-07 03:40:20] [auth-signup] [32minfo[39m: Processing signup request
[2024-11-07 03:40:20] [auth-signup] [33mwarn[39m: Signup attempt with existing email: nahid@gmail.com
[2024-11-07 03:40:20] [auth-signup] [31merror[39m: Signup error: User already exists! {"errorCode":1002,"statusCode":400,"errors":null,"stack":"Error: User already exists!\n    at /home/nahid/Desktop/project/backend/src/controllers/auth.ts:95:13\n    at Generator.next (<anonymous>)\n    at fulfilled (/home/nahid/Desktop/project/backend/src/controllers/auth.ts:28:58)"}
[2024-11-07 03:40:47] [auth-signup] [32minfo[39m: Processing signup request
[2024-11-07 03:40:47] [auth-signup] [32minfo[39m: User created successfully: 9eaff2a1-5ec5-4da1-8743-03334a7343f7
[2024-11-07 03:41:13] [auth-signup] [32minfo[39m: Processing signup request
[2024-11-07 03:41:13] [auth-signup] [33mwarn[39m: Signup attempt with existing email: nahid12@gmail.com
[2024-11-07 03:41:13] [auth-signup] [31merror[39m: Signup error: User already exists! {"errorCode":1002,"statusCode":400,"errors":null,"stack":"Error: User already exists!\n    at /home/nahid/Desktop/project/backend/src/controllers/auth.ts:95:13\n    at Generator.next (<anonymous>)\n    at fulfilled (/home/nahid/Desktop/project/backend/src/controllers/auth.ts:28:58)"}
[2024-11-07 03:41:14] [auth-signup] [32minfo[39m: Processing signup request
[2024-11-07 03:41:14] [auth-signup] [33mwarn[39m: Signup attempt with existing email: nahid12@gmail.com
[2024-11-07 03:41:14] [auth-signup] [31merror[39m: Signup error: User already exists! {"errorCode":1002,"statusCode":400,"errors":null,"stack":"Error: User already exists!\n    at /home/nahid/Desktop/project/backend/src/controllers/auth.ts:95:13\n    at Generator.next (<anonymous>)\n    at fulfilled (/home/nahid/Desktop/project/backend/src/controllers/auth.ts:28:58)"}
[2024-11-07 03:45:18] [auth-middleware] [33mwarn[39m: No token provided
[2024-11-07 03:48:49] [auth-middleware] [33mwarn[39m: No token provided
[2024-11-07 03:54:28] [auth-middleware] [33mwarn[39m: No token provided
[2024-11-07 03:55:25] [auth-middleware] [33mwarn[39m: No token provided
[2024-11-07 03:55:41] [auth-middleware] [33mwarn[39m: No token provided
[2024-11-07 03:55:42] [auth-middleware] [33mwarn[39m: No token provided
[2024-11-07 03:55:43] [auth-middleware] [33mwarn[39m: No token provided
[2024-11-07 03:55:44] [auth-middleware] [33mwarn[39m: No token provided
[2024-11-07 03:55:45] [auth-middleware] [33mwarn[39m: No token provided
[2024-11-07 03:55:46] [auth-middleware] [33mwarn[39m: No token provided
[2024-11-07 03:55:46] [auth-middleware] [33mwarn[39m: No token provided
[2024-11-07 03:55:47] [auth-middleware] [33mwarn[39m: No token provided
[2024-11-07 03:57:04] [auth-middleware] [33mwarn[39m: No token provided
[2024-11-07 03:58:45] [auth-middleware] [33mwarn[39m: No token provided
[2024-11-07 04:00:09] [auth-middleware] [33mwarn[39m: No token provided
[2024-11-07 04:00:12] [auth-middleware] [33mwarn[39m: No token provided
[2024-11-07 04:00:14] [auth-middleware] [33mwarn[39m: No token provided
[2024-11-07 04:00:15] [auth-middleware] [33mwarn[39m: No token provided
[2024-11-07 04:00:37] [auth-middleware] [33mwarn[39m: No token provided
[2024-11-07 04:02:12] [auth-middleware] [33mwarn[39m: No token provided
[2024-11-07 04:04:35] [auth-middleware] [33mwarn[39m: No token provided
[2024-11-07 04:04:37] [auth-middleware] [33mwarn[39m: No token provided
[2024-11-07 04:04:49] [auth-middleware] [33mwarn[39m: No token provided
[2024-11-07 04:05:05] [auth-middleware] [33mwarn[39m: No token provided
[2024-11-07 04:06:09] [auth-middleware] [33mwarn[39m: No token provided
[2024-11-07 04:06:30] [auth-middleware] [33mwarn[39m: No token provided
[2024-11-07 04:06:31] [auth-middleware] [33mwarn[39m: No token provided
[2024-11-07 13:11:27] [auth-middleware] [33mwarn[39m: No token provided
[2024-11-07 13:34:28] [server] [32minfo[39m: App listening at port 3001
[2024-11-07 13:39:43] [server] [32minfo[39m: App listening at port 3001
[2024-11-07 13:40:02] [server] [32minfo[39m: App listening at port 3001
[2024-11-07 13:40:45] [server] [32minfo[39m: App listening at port 3001
[2024-11-07 13:40:51] [server] [32minfo[39m: App listening at port 3001
[2024-11-07 13:42:02] [server] [32minfo[39m: App listening at port 3001
[2024-11-07 13:42:16] [server] [32minfo[39m: App listening at port 3001
[2024-11-07 13:44:29] [server] [32minfo[39m: App listening at port 3001
[2024-11-07 13:44:38] [server] [32minfo[39m: App listening at port 3001
[2024-11-07 13:44:46] [server] [32minfo[39m: App listening at port 3001
[2024-11-07 13:45:00] [server] [32minfo[39m: App listening at port 3001
[2024-11-07 13:45:45] [auth-middleware] [33mwarn[39m: No token provided
[2024-11-07 13:46:19] [server] [32minfo[39m: App listening at port 3001
[2024-11-07 13:51:08] [server] [32minfo[39m: App listening at port 3001
[2024-11-07 13:51:38] [server] [32minfo[39m: App listening at port 3001
[2024-11-07 13:52:18] [server] [32minfo[39m: App listening at port 3001
[2024-11-07 13:53:38] [server] [32minfo[39m: App listening at port 3001
[2024-11-07 13:54:14] [auth-middleware] [33mwarn[39m: No token provided
[2024-11-07 13:54:24] [auth-middleware] [33mwarn[39m: No token provided
[2024-11-07 13:54:25] [auth-middleware] [33mwarn[39m: No token provided
[2024-11-07 13:54:26] [auth-middleware] [33mwarn[39m: No token provided
[2024-11-07 13:54:27] [auth-middleware] [33mwarn[39m: No token provided
[2024-11-07 13:55:22] [auth-middleware] [33mwarn[39m: No token provided
[2024-11-07 13:56:47] [server] [32minfo[39m: App listening at port 3001
[2024-11-07 13:57:07] [server] [32minfo[39m: App listening at port 3001
[2024-11-07 13:57:28] [server] [32minfo[39m: App listening at port 3001
[2024-11-07 13:58:12] [server] [32minfo[39m: App listening at port 3001
[2024-11-07 14:01:17] [server] [32minfo[39m: App listening at port 3001
[2024-11-07 14:02:25] [server] [32minfo[39m: App listening at port 3001
[2024-11-07 14:04:11] [server] [32minfo[39m: App listening at port 3001
[2024-11-07 14:05:36] [server] [32minfo[39m: App listening at port 3001
[2024-11-07 14:08:44] [server] [32minfo[39m: App listening at port 3001
[2024-11-07 14:09:37] [server] [32minfo[39m: App listening at port 3001
[2024-11-07 14:10:46] [server] [32minfo[39m: App listening at port 3001
[2024-11-07 14:11:29] [server] [32minfo[39m: App listening at port 3001
[2024-11-07 14:11:55] [server] [32minfo[39m: App listening at port 3001
[2024-11-07 14:20:13] [server] [32minfo[39m: App listening at port 3001
[2024-11-07 14:20:24] [server] [32minfo[39m: App listening at port 3001
[2024-11-07 14:21:14] [server] [32minfo[39m: App listening at port 3001
[2024-11-07 14:21:19] [server] [32minfo[39m: App listening at port 3001
[2024-11-07 14:21:46] [server] [32minfo[39m: App listening at port 3001
[2024-11-07 14:23:24] [server] [32minfo[39m: App listening at port 3001
[2024-11-07 14:23:32] [server] [32minfo[39m: App listening at port 3001
[2024-11-07 14:24:59] [server] [32minfo[39m: App listening at port 3001
[2024-11-07 14:25:13] [server] [32minfo[39m: App listening at port 3001
[2024-11-07 14:25:19] [server] [32minfo[39m: App listening at port 3001
[2024-11-07 22:20:19] [server] [32minfo[39m: App listening at port 3001
[2024-11-07 22:26:21] [server] [32minfo[39m: App listening at port 3001
[2024-11-07 22:29:33] [server] [32minfo[39m: App listening at port 3001
[2024-11-07 22:30:02] [server] [32minfo[39m: App listening at port 3001
[2024-11-07 22:31:28] [server] [32minfo[39m: App listening at port 3001
[2024-11-07 22:31:35] [app] [31merror[39m: Create post failed: 
Invalid `prisma.post.create()` invocation in
/home/nahid/Desktop/project/backend/src/controllers/post.ts:18:23

  15   return res.status(401).json({ message: 'Unauthorized!' })
  16 }
  17 try {
→ 18   await prisma.post.create({
         data: {
           content: "My name is nahid hasan!",
           latitude: 125.55,
           longitude: 256.56,
           catagoeryId: 5,
                        ~
           authorId: "9eaff2a1-5ec5-4da1-8743-03334a7343f7"
         }
       })

Argument `catagoeryId`: Invalid value provided. Expected String, provided Int. {"name":"PrismaClientValidationError","clientVersion":"5.21.1","stack":"PrismaClientValidationError: \nInvalid `prisma.post.create()` invocation in\n/home/nahid/Desktop/project/backend/src/controllers/post.ts:18:23\n\n  15   return res.status(401).json({ message: 'Unauthorized!' })\n  16 }\n  17 try {\n→ 18   await prisma.post.create({\n         data: {\n           content: \"My name is nahid hasan!\",\n           latitude: 125.55,\n           longitude: 256.56,\n           catagoeryId: 5,\n                        ~\n           authorId: \"9eaff2a1-5ec5-4da1-8743-03334a7343f7\"\n         }\n       })\n\nArgument `catagoeryId`: Invalid value provided. Expected String, provided Int.\n    at Dn (/home/nahid/Desktop/project/backend/node_modules/@prisma/client/runtime/library.js:114:8082)\n    at Mn.handleRequestError (/home/nahid/Desktop/project/backend/node_modules/@prisma/client/runtime/library.js:121:7396)\n    at Mn.handleAndLogRequestError (/home/nahid/Desktop/project/backend/node_modules/@prisma/client/runtime/library.js:121:7061)\n    at Mn.request (/home/nahid/Desktop/project/backend/node_modules/@prisma/client/runtime/library.js:121:6745)\n    at async l (/home/nahid/Desktop/project/backend/node_modules/@prisma/client/runtime/library.js:130:9633)"}
[2024-11-07 22:32:05] [app] [31merror[39m: Create post failed: 
Invalid `prisma.post.create()` invocation in
/home/nahid/Desktop/project/backend/src/controllers/post.ts:18:23

  15   return res.status(401).json({ message: 'Unauthorized!' })
  16 }
  17 try {
→ 18   await prisma.post.create(
Foreign key constraint violated: `catagoeryId` {"name":"PrismaClientKnownRequestError","code":"P2003","clientVersion":"5.21.1","meta":{"modelName":"Post","field_name":"catagoeryId"},"stack":"PrismaClientKnownRequestError: \nInvalid `prisma.post.create()` invocation in\n/home/nahid/Desktop/project/backend/src/controllers/post.ts:18:23\n\n  15   return res.status(401).json({ message: 'Unauthorized!' })\n  16 }\n  17 try {\n→ 18   await prisma.post.create(\nForeign key constraint violated: `catagoeryId`\n    at Mn.handleRequestError (/home/nahid/Desktop/project/backend/node_modules/@prisma/client/runtime/library.js:121:7753)\n    at Mn.handleAndLogRequestError (/home/nahid/Desktop/project/backend/node_modules/@prisma/client/runtime/library.js:121:7061)\n    at Mn.request (/home/nahid/Desktop/project/backend/node_modules/@prisma/client/runtime/library.js:121:6745)\n    at async l (/home/nahid/Desktop/project/backend/node_modules/@prisma/client/runtime/library.js:130:9633)"}
[2024-11-07 22:32:51] [server] [32minfo[39m: App listening at port 3001
[2024-11-07 22:33:15] [server] [32minfo[39m: App listening at port 3001
[2024-11-07 22:36:03] [server] [32minfo[39m: App listening at port 3001
[2024-11-07 22:36:38] [server] [32minfo[39m: App listening at port 3001
[2024-11-07 22:41:13] [server] [32minfo[39m: App listening at port 3001
[2024-11-07 22:41:53] [server] [32minfo[39m: App listening at port 3001
[2024-11-07 22:42:17] [server] [32minfo[39m: App listening at port 3001
[2024-11-07 22:42:22] [server] [32minfo[39m: App listening at port 3001
[2024-11-07 22:49:14] [server] [32minfo[39m: App listening at port 3001
[2024-11-07 22:50:56] [server] [32minfo[39m: App listening at port 3001
[2024-11-07 22:57:41] [server] [32minfo[39m: App listening at port 3001
[2024-11-07 22:57:46] [server] [32minfo[39m: App listening at port 3001
[2024-11-07 22:57:54] [server] [32minfo[39m: App listening at port 3001
[2024-11-07 22:58:07] [server] [32minfo[39m: App listening at port 3001
[2024-11-07 23:02:56] [server] [32minfo[39m: App listening at port 3001
[2024-11-07 23:04:14] [server] [32minfo[39m: App listening at port 3001
[2024-11-07 23:04:23] [server] [32minfo[39m: App listening at port 3001
[2024-11-07 23:04:28] [server] [32minfo[39m: App listening at port 3001
[2024-11-07 23:06:33] [server] [32minfo[39m: App listening at port 3001
[2024-11-07 23:10:32] [server] [32minfo[39m: App listening at port 3001
[2024-11-07 23:10:39] [server] [32minfo[39m: App listening at port 3001
[2024-11-07 23:11:26] [app] [32minfo[39m: Create post successfuly!
[2024-11-07 23:12:55] [server] [32minfo[39m: App listening at port 3001
[2024-11-07 23:13:41] [server] [32minfo[39m: App listening at port 3001
[2024-11-07 23:13:48] [server] [32minfo[39m: App listening at port 3001
[2024-11-07 23:13:56] [app] [32minfo[39m: Create post successfuly!
[2024-11-07 23:15:12] [server] [32minfo[39m: App listening at port 3001
[2024-11-07 23:15:48] [server] [32minfo[39m: App listening at port 3001
[2024-11-07 23:16:00] [server] [32minfo[39m: App listening at port 3001
[2024-11-07 23:16:19] [server] [32minfo[39m: App listening at port 3001
[2024-11-07 23:16:46] [app] [32minfo[39m: Create post successfuly!
[2024-11-07 23:18:00] [server] [32minfo[39m: App listening at port 3001
[2024-11-07 23:18:13] [server] [32minfo[39m: App listening at port 3001
[2024-11-07 23:19:14] [server] [32minfo[39m: App listening at port 3001
[2024-11-07 23:21:10] [server] [32minfo[39m: App listening at port 3001
[2024-11-07 23:22:00] [server] [32minfo[39m: App listening at port 3001
[2024-11-07 23:22:28] [server] [32minfo[39m: App listening at port 3001
[2024-11-07 23:24:01] [server] [32minfo[39m: App listening at port 3001
[2024-11-07 23:24:54] [server] [32minfo[39m: App listening at port 3001
[2024-11-07 23:26:05] [server] [32minfo[39m: App listening at port 3001
[2024-11-07 23:28:02] [server] [32minfo[39m: App listening at port 3001
[2024-11-07 23:28:16] [server] [32minfo[39m: App listening at port 3001
[2024-11-07 23:28:59] [server] [32minfo[39m: App listening at port 3001
[2024-11-07 23:29:19] [server] [32minfo[39m: App listening at port 3001
[2024-11-07 23:29:26] [server] [32minfo[39m: App listening at port 3001
[2024-11-07 23:30:12] [server] [32minfo[39m: App listening at port 3001
[2024-11-07 23:30:17] [server] [32minfo[39m: App listening at port 3001
[2024-11-07 23:30:34] [server] [32minfo[39m: App listening at port 3001
[2024-11-07 23:31:18] [server] [32minfo[39m: App listening at port 3001
[2024-11-07 23:31:31] [server] [32minfo[39m: App listening at port 3001
[2024-11-07 23:31:36] [server] [32minfo[39m: App listening at port 3001
[2024-11-07 23:31:54] [server] [32minfo[39m: App listening at port 3001
[2024-11-07 23:32:30] [server] [32minfo[39m: App listening at port 3001
[2024-11-07 23:32:50] [server] [32minfo[39m: App listening at port 3001
[2024-11-07 23:32:55] [server] [32minfo[39m: App listening at port 3001
[2024-11-07 23:33:09] [server] [32minfo[39m: App listening at port 3001
[2024-11-07 23:33:14] [server] [32minfo[39m: App listening at port 3001
[2024-11-07 23:34:13] [server] [32minfo[39m: App listening at port 3001
[2024-11-07 23:34:25] [server] [32minfo[39m: App listening at port 3001
[2024-11-07 23:34:48] [server] [32minfo[39m: App listening at port 3001
[2024-11-07 23:37:50] [server] [32minfo[39m: App listening at port 3001
[2024-11-07 23:38:30] [server] [32minfo[39m: App listening at port 3001
[2024-11-07 23:39:30] [app] [32minfo[39m: Create post successfuly!
[2024-11-08 01:57:18] [server] [32minfo[39m: App listening at port 3001
[2024-11-08 01:57:18] [app] [31merror[39m: Uncaught Exception: EIO: i/o error, write {"errno":-5,"syscall":"write","code":"EIO","stack":"Error: EIO: i/o error, write\n    at writeSync (node:fs:931:3)\n    at SyncWriteStream._write (node:internal/fs/sync_write_stream:27:5)\n    at writeOrBuffer (node:internal/streams/writable:570:12)\n    at _write (node:internal/streams/writable:499:10)\n    at SyncWriteStream.Writable.write (node:internal/streams/writable:508:10)\n    at Console.log (/home/nahid/Desktop/project/backend/node_modules/winston/lib/winston/transports/console.js:87:23)\n    at Console._write (/home/nahid/Desktop/project/backend/node_modules/winston-transport/modern.js:82:19)\n    at writeOrBuffer (/home/nahid/Desktop/project/backend/node_modules/winston-transport/node_modules/readable-stream/lib/internal/streams/writable.js:334:12)\n    at _write (/home/nahid/Desktop/project/backend/node_modules/winston-transport/node_modules/readable-stream/lib/internal/streams/writable.js:283:10)\n    at Console.Writable.write (/home/nahid/Desktop/project/backend/node_modules/winston-transport/node_modules/readable-stream/lib/internal/streams/writable.js:286:10)"}
[2024-11-11 14:14:53] [server] [32minfo[39m: App listening at port 3001
[2024-11-11 14:19:25] [server] [32minfo[39m: App listening at port 3001
[2024-11-11 14:31:28] [server] [32minfo[39m: App listening at port 3001
[2024-11-11 14:31:50] [server] [32minfo[39m: App listening at port 3001
[2024-11-12 00:52:48] [notification-controller] [32minfo[39m: Creating notification for user: 82f738fe-c5c5-4220-a5ba-a22c30ac75bc
[2024-11-12 00:52:49] [notification-service] [32minfo[39m: Created notification: e32ccfa8-03f1-4836-ba3f-5b23dc8f6528
[2024-11-12 00:58:25] [notification-controller] [32minfo[39m: Fetching notifications for user: 9eaff2a1-5ec5-4da1-8743-03334a7343f7
[2024-11-12 00:59:28] [notification-controller] [32minfo[39m: Fetching notifications for user: 9eaff2a1-5ec5-4da1-8743-03334a7343f7
[2024-11-12 00:59:29] [notification-controller] [32minfo[39m: Fetching notifications for user: 9eaff2a1-5ec5-4da1-8743-03334a7343f7
[2024-11-12 00:59:51] [server] [32minfo[39m: App listening at port 3001
[2024-11-12 00:59:53] [notification-controller] [32minfo[39m: Fetching notifications for user: 9eaff2a1-5ec5-4da1-8743-03334a7343f7
[2024-11-12 01:01:17] [notification-controller] [32minfo[39m: Creating notification for user: 82f738fe-c5c5-4220-a5ba-a22c30ac75bc
[2024-11-12 01:01:17] [notification-service] [32minfo[39m: Created notification: ebe3b11b-14bc-4d10-891b-03f6f372267d
[2024-11-12 01:01:46] [notification-controller] [32minfo[39m: Fetching notifications for user: 9eaff2a1-5ec5-4da1-8743-03334a7343f7
[2024-11-12 01:02:53] [notification-controller] [32minfo[39m: Fetching notifications for user: 9eaff2a1-5ec5-4da1-8743-03334a7343f7
[2024-11-12 01:02:54] [notification-controller] [32minfo[39m: Fetching notifications for user: 9eaff2a1-5ec5-4da1-8743-03334a7343f7
[2024-11-12 01:02:56] [notification-controller] [32minfo[39m: Fetching notifications for user: 9eaff2a1-5ec5-4da1-8743-03334a7343f7
[2024-11-12 01:02:57] [notification-controller] [32minfo[39m: Fetching notifications for user: 9eaff2a1-5ec5-4da1-8743-03334a7343f7
[2024-11-12 01:06:27] [server] [32minfo[39m: App listening at port 3001
[2024-11-12 01:07:12] [server] [32minfo[39m: App listening at port 3001
[2024-11-12 01:08:01] [notification-controller] [32minfo[39m: Fetching notifications for user: 9eaff2a1-5ec5-4da1-8743-03334a7343f7
[2024-11-12 01:08:08] [notification-controller] [32minfo[39m: Fetching notifications for user: 9eaff2a1-5ec5-4da1-8743-03334a7343f7
[2024-11-12 01:09:33] [server] [32minfo[39m: App listening at port 3001
[2024-11-12 01:09:39] [notification-controller] [32minfo[39m: Fetching notifications for user: 9eaff2a1-5ec5-4da1-8743-03334a7343f7
[2024-11-12 01:09:42] [notification-controller] [32minfo[39m: Fetching notifications for user: 9eaff2a1-5ec5-4da1-8743-03334a7343f7
[2024-11-12 01:09:56] [server] [32minfo[39m: App listening at port 3001
[2024-11-12 01:10:02] [server] [32minfo[39m: App listening at port 3001
[2024-11-12 01:10:06] [server] [32minfo[39m: App listening at port 3001
[2024-11-12 01:10:08] [notification-controller] [32minfo[39m: Fetching notifications for user: 9eaff2a1-5ec5-4da1-8743-03334a7343f7
[2024-11-12 01:10:39] [server] [32minfo[39m: App listening at port 3001
[2024-11-12 01:11:45] [server] [32minfo[39m: App listening at port 3001
[2024-11-12 01:11:47] [notification-controller] [32minfo[39m: Fetching notifications for user: 9eaff2a1-5ec5-4da1-8743-03334a7343f7
[2024-11-12 01:12:00] [server] [32minfo[39m: App listening at port 3001
[2024-11-12 01:12:01] [notification-controller] [32minfo[39m: Fetching notifications for user: 9eaff2a1-5ec5-4da1-8743-03334a7343f7
[2024-11-12 01:12:23] [server] [32minfo[39m: App listening at port 3001
[2024-11-12 01:12:23] [notification-controller] [32minfo[39m: Fetching notifications for user: 9eaff2a1-5ec5-4da1-8743-03334a7343f7
[2024-11-12 01:12:54] [server] [32minfo[39m: App listening at port 3001
[2024-11-12 01:12:55] [notification-controller] [32minfo[39m: Fetching notifications for user: 9eaff2a1-5ec5-4da1-8743-03334a7343f7
[2024-11-12 01:13:04] [notification-controller] [32minfo[39m: Fetching notifications for user: 9eaff2a1-5ec5-4da1-8743-03334a7343f7
[2024-11-12 01:14:31] [notification-controller] [32minfo[39m: Fetching notifications for user: 9eaff2a1-5ec5-4da1-8743-03334a7343f7
[2024-11-12 01:14:33] [notification-controller] [32minfo[39m: Fetching notifications for user: 9eaff2a1-5ec5-4da1-8743-03334a7343f7
[2024-11-12 01:14:35] [notification-controller] [32minfo[39m: Fetching notifications for user: 9eaff2a1-5ec5-4da1-8743-03334a7343f7
[2024-11-12 01:14:36] [notification-controller] [32minfo[39m: Fetching notifications for user: 9eaff2a1-5ec5-4da1-8743-03334a7343f7
[2024-11-12 01:14:37] [notification-controller] [32minfo[39m: Fetching notifications for user: 9eaff2a1-5ec5-4da1-8743-03334a7343f7
[2024-11-12 01:14:38] [notification-controller] [32minfo[39m: Fetching notifications for user: 9eaff2a1-5ec5-4da1-8743-03334a7343f7
[2024-11-12 01:15:15] [server] [32minfo[39m: App listening at port 3001
[2024-11-12 01:15:16] [notification-controller] [32minfo[39m: Fetching notifications for user: 9eaff2a1-5ec5-4da1-8743-03334a7343f7
[2024-11-12 01:15:27] [server] [32minfo[39m: App listening at port 3001
[2024-11-12 01:15:27] [notification-controller] [32minfo[39m: Fetching notifications for user: 9eaff2a1-5ec5-4da1-8743-03334a7343f7
[2024-11-12 01:15:29] [notification-controller] [32minfo[39m: Fetching notifications for user: 9eaff2a1-5ec5-4da1-8743-03334a7343f7
[2024-11-12 01:15:30] [notification-controller] [32minfo[39m: Fetching notifications for user: 9eaff2a1-5ec5-4da1-8743-03334a7343f7
[2024-11-12 01:15:33] [notification-controller] [32minfo[39m: Fetching notifications for user: 9eaff2a1-5ec5-4da1-8743-03334a7343f7
[2024-11-12 01:15:41] [notification-controller] [32minfo[39m: Creating notification for user: 82f738fe-c5c5-4220-a5ba-a22c30ac75bc
[2024-11-12 01:15:41] [notification-service] [32minfo[39m: Created notification: fa917a63-aed5-4e96-a713-726f3628413a
[2024-11-12 01:15:46] [notification-controller] [32minfo[39m: Fetching notifications for user: 9eaff2a1-5ec5-4da1-8743-03334a7343f7
[2024-11-12 01:15:48] [notification-controller] [32minfo[39m: Fetching notifications for user: 9eaff2a1-5ec5-4da1-8743-03334a7343f7
[2024-11-12 01:15:49] [notification-controller] [32minfo[39m: Fetching notifications for user: 9eaff2a1-5ec5-4da1-8743-03334a7343f7
[2024-11-12 01:16:07] [server] [32minfo[39m: App listening at port 3001
[2024-11-12 01:16:17] [server] [32minfo[39m: App listening at port 3001
[2024-11-12 01:16:24] [server] [32minfo[39m: App listening at port 3001
[2024-11-12 01:16:35] [server] [32minfo[39m: App listening at port 3001
[2024-11-12 01:16:39] [notification-controller] [32minfo[39m: Fetching notifications for user: 9eaff2a1-5ec5-4da1-8743-03334a7343f7
[2024-11-12 01:17:35] [server] [32minfo[39m: App listening at port 3001
[2024-11-12 01:18:08] [server] [32minfo[39m: App listening at port 3001
[2024-11-12 01:18:20] [server] [32minfo[39m: App listening at port 3001
[2024-11-12 01:18:40] [server] [32minfo[39m: App listening at port 3001
[2024-11-12 01:18:42] [notification-controller] [32minfo[39m: Fetching notifications for user: 9eaff2a1-5ec5-4da1-8743-03334a7343f7
[2024-11-12 01:19:40] [server] [32minfo[39m: App listening at port 3001
[2024-11-12 01:19:45] [notification-controller] [32minfo[39m: Fetching notifications for user: 9eaff2a1-5ec5-4da1-8743-03334a7343f7
[2024-11-12 01:19:47] [notification-controller] [32minfo[39m: Fetching notifications for user: 9eaff2a1-5ec5-4da1-8743-03334a7343f7
[2024-11-12 01:19:53] [server] [32minfo[39m: App listening at port 3001
[2024-11-12 01:20:04] [server] [32minfo[39m: App listening at port 3001
[2024-11-12 01:20:05] [notification-controller] [32minfo[39m: Fetching notifications for user: 9eaff2a1-5ec5-4da1-8743-03334a7343f7
[2024-11-12 01:20:06] [notification-controller] [32minfo[39m: Fetching notifications for user: 9eaff2a1-5ec5-4da1-8743-03334a7343f7
[2024-11-12 01:20:18] [server] [32minfo[39m: App listening at port 3001
[2024-11-12 01:20:27] [server] [32minfo[39m: App listening at port 3001
[2024-11-12 01:20:34] [server] [32minfo[39m: App listening at port 3001
[2024-11-12 01:20:37] [notification-controller] [32minfo[39m: Fetching notifications for user: 9eaff2a1-5ec5-4da1-8743-03334a7343f7
[2024-11-12 01:20:56] [server] [32minfo[39m: App listening at port 3001
[2024-11-12 01:21:11] [server] [32minfo[39m: App listening at port 3001
[2024-11-12 01:21:15] [notification-controller] [32minfo[39m: Fetching notifications for user: 9eaff2a1-5ec5-4da1-8743-03334a7343f7
[2024-11-12 01:21:29] [server] [32minfo[39m: App listening at port 3001
[2024-11-12 01:21:49] [server] [32minfo[39m: App listening at port 3001
[2024-11-12 01:21:50] [notification-controller] [32minfo[39m: Fetching notifications for user: 9eaff2a1-5ec5-4da1-8743-03334a7343f7
[2024-11-12 01:21:51] [notification-controller] [32minfo[39m: Fetching notifications for user: 9eaff2a1-5ec5-4da1-8743-03334a7343f7
[2024-11-12 01:21:53] [notification-controller] [32minfo[39m: Fetching notifications for user: 9eaff2a1-5ec5-4da1-8743-03334a7343f7
[2024-11-12 01:21:54] [notification-controller] [32minfo[39m: Fetching notifications for user: 9eaff2a1-5ec5-4da1-8743-03334a7343f7
[2024-11-12 01:21:55] [notification-controller] [32minfo[39m: Fetching notifications for user: 9eaff2a1-5ec5-4da1-8743-03334a7343f7
[2024-11-12 01:22:04] [server] [32minfo[39m: App listening at port 3001
[2024-11-12 01:22:04] [notification-controller] [32minfo[39m: Fetching notifications for user: 9eaff2a1-5ec5-4da1-8743-03334a7343f7
[2024-11-12 01:22:08] [notification-controller] [32minfo[39m: Fetching notifications for user: 9eaff2a1-5ec5-4da1-8743-03334a7343f7
[2024-11-12 01:22:10] [notification-controller] [32minfo[39m: Fetching notifications for user: 9eaff2a1-5ec5-4da1-8743-03334a7343f7
[2024-11-12 01:22:11] [notification-controller] [32minfo[39m: Fetching notifications for user: 9eaff2a1-5ec5-4da1-8743-03334a7343f7
[2024-11-12 01:22:48] [server] [32minfo[39m: App listening at port 3001
[2024-11-12 01:22:54] [notification-controller] [32minfo[39m: Fetching notifications for user: 9eaff2a1-5ec5-4da1-8743-03334a7343f7
[2024-11-12 01:25:09] [server] [32minfo[39m: App listening at port 3001
[2024-11-12 01:25:31] [notification-controller] [32minfo[39m: Creating notification for user: 9eaff2a1-5ec5-4da1-8743-03334a7343f7
[2024-11-12 01:25:31] [notification-service] [32minfo[39m: Created notification: 66501e1c-d374-4d82-9fbc-a0cf5e626565
[2024-11-12 01:25:40] [notification-controller] [32minfo[39m: Fetching notifications for user: 9eaff2a1-5ec5-4da1-8743-03334a7343f7
[2024-11-12 01:26:24] [server] [32minfo[39m: App listening at port 3001
[2024-11-12 01:26:30] [server] [32minfo[39m: App listening at port 3001
[2024-11-12 01:26:35] [notification-controller] [32minfo[39m: Fetching notifications for user: 9eaff2a1-5ec5-4da1-8743-03334a7343f7
[2024-11-12 01:26:36] [notification-controller] [32minfo[39m: Fetching notifications for user: 9eaff2a1-5ec5-4da1-8743-03334a7343f7
[2024-11-12 01:26:37] [notification-controller] [32minfo[39m: Fetching notifications for user: 9eaff2a1-5ec5-4da1-8743-03334a7343f7
[2024-11-12 01:26:38] [notification-controller] [32minfo[39m: Fetching notifications for user: 9eaff2a1-5ec5-4da1-8743-03334a7343f7
[2024-11-12 01:27:12] [server] [32minfo[39m: App listening at port 3001
[2024-11-12 01:27:12] [notification-controller] [32minfo[39m: Fetching notifications for user: 9eaff2a1-5ec5-4da1-8743-03334a7343f7
[2024-11-12 01:27:13] [notification-controller] [32minfo[39m: Fetching notifications for user: 9eaff2a1-5ec5-4da1-8743-03334a7343f7
[2024-11-12 01:27:15] [notification-controller] [32minfo[39m: Fetching notifications for user: 9eaff2a1-5ec5-4da1-8743-03334a7343f7
[2024-11-12 01:27:16] [notification-controller] [32minfo[39m: Fetching notifications for user: 9eaff2a1-5ec5-4da1-8743-03334a7343f7
[2024-11-12 01:27:17] [notification-controller] [32minfo[39m: Fetching notifications for user: 9eaff2a1-5ec5-4da1-8743-03334a7343f7
[2024-11-12 01:27:18] [notification-controller] [32minfo[39m: Fetching notifications for user: 9eaff2a1-5ec5-4da1-8743-03334a7343f7
[2024-11-12 01:27:41] [server] [32minfo[39m: App listening at port 3001
[2024-11-12 01:27:42] [notification-controller] [32minfo[39m: Fetching notifications for user: 9eaff2a1-5ec5-4da1-8743-03334a7343f7
[2024-11-12 01:27:47] [notification-controller] [32minfo[39m: Fetching notifications for user: 9eaff2a1-5ec5-4da1-8743-03334a7343f7
[2024-11-12 01:28:03] [server] [32minfo[39m: App listening at port 3001
[2024-11-12 01:31:31] [server] [32minfo[39m: App listening at port 3001
[2024-11-12 01:32:16] [server] [32minfo[39m: App listening at port 3001
[2024-11-12 01:32:23] [server] [32minfo[39m: App listening at port 3001
[2024-11-12 01:32:29] [server] [32minfo[39m: App listening at port 3001
[2024-11-12 01:33:55] [server] [32minfo[39m: App listening at port 3001
[2024-11-12 01:44:22] [server] [32minfo[39m: App listening at port 3001
[2024-11-12 01:45:02] [server] [32minfo[39m: App listening at port 3001
[2024-11-12 01:57:51] [server] [32minfo[39m: App listening at port 3001
[2024-11-12 01:57:57] [server] [32minfo[39m: App listening at port 3001
[2024-11-12 02:00:09] [server] [32minfo[39m: App listening at port 3001
[2024-11-12 02:02:26] [post-controller] [32minfo[39m: Fetching posts {"page":1,"limit":10,"sort":"desc"}
[2024-11-12 02:02:26] [post-controller] [32minfo[39m: Posts fetched successfully {"count":5}
[2024-11-12 02:02:36] [post-controller] [32minfo[39m: Fetching posts {"page":1,"limit":10,"sort":"desc"}
[2024-11-12 02:02:40] [post-controller] [32minfo[39m: Fetching posts {"page":1,"limit":10,"sort":"desc"}
[2024-11-12 02:03:35] [server] [32minfo[39m: App listening at port 3001
